0 info it worked if it ends with ok
1 verbose cli [ 'C:\\Program Files\\nodejs\\node.exe',
1 verbose cli   'C:\\Users\\an5ra\\AppData\\Roaming\\npm\\node_modules\\npm\\bin\\npm-cli.js',
1 verbose cli   'run',
1 verbose cli   'start' ]
2 info using npm@3.10.9
3 info using node@v4.6.0
4 verbose run-script [ 'prestart', 'start', 'poststart' ]
5 info lifecycle loggr-server@1.0.0~prestart: loggr-server@1.0.0
6 silly lifecycle loggr-server@1.0.0~prestart: no script for prestart, continuing
7 info lifecycle loggr-server@1.0.0~start: loggr-server@1.0.0
8 verbose lifecycle loggr-server@1.0.0~start: unsafe-perm in lifecycle true
9 verbose lifecycle loggr-server@1.0.0~start: PATH: C:\Users\an5ra\AppData\Roaming\npm\node_modules\npm\bin\node-gyp-bin;C:\Users\an5ra\WebstormProjects\loggr-server\node_modules\.bin;C:\Program Files\bin;C:\Program Files\vendor\conemu-maximus5\ConEmu\Scripts;C:\Program Files\vendor\conemu-maximus5;C:\Program Files\vendor\conemu-maximus5\ConEmu;C:\ProgramData\Oracle\Java\javapath;C:\WINDOWS\system32;C:\WINDOWS;C:\WINDOWS\System32\Wbem;C:\WINDOWS\System32\WindowsPowerShell\v1.0\;C:\Program Files\nodejs\;C:\Program Files\Git\cmd;C:\Ruby23-x64\bin;C:\Users\an5ra\AppData\Local\Programs\Python\Python35-32\Scripts\;C:\Users\an5ra\AppData\Local\Programs\Python\Python35-32\;C:\Users\an5ra\AppData\Local\Microsoft\WindowsApps;C:\Users\an5ra\AppData\Roaming\npm;"C:\Program Files\MongoDB\Server\3.2\bin";C:\Program Files\Git\usr\bin;C:\Program Files\Git\usr\share\vim\vim74;C:\Program Files\
10 verbose lifecycle loggr-server@1.0.0~start: CWD: C:\Users\an5ra\WebstormProjects\loggr-server
11 silly lifecycle loggr-server@1.0.0~start: Args: [ '/d /s /c', 'node server.js' ]
12 silly lifecycle loggr-server@1.0.0~start: Returned: code: 3221225786  signal: null
13 info lifecycle loggr-server@1.0.0~start: Failed to exec start script
14 verbose stack Error: loggr-server@1.0.0 start: `node server.js`
14 verbose stack Exit status 3221225786
14 verbose stack     at EventEmitter.<anonymous> (C:\Users\an5ra\AppData\Roaming\npm\node_modules\npm\lib\utils\lifecycle.js:255:16)
14 verbose stack     at emitTwo (events.js:87:13)
14 verbose stack     at EventEmitter.emit (events.js:172:7)
14 verbose stack     at ChildProcess.<anonymous> (C:\Users\an5ra\AppData\Roaming\npm\node_modules\npm\lib\utils\spawn.js:40:14)
14 verbose stack     at emitTwo (events.js:87:13)
14 verbose stack     at ChildProcess.emit (events.js:172:7)
14 verbose stack     at maybeClose (internal/child_process.js:829:16)
14 verbose stack     at Process.ChildProcess._handle.onexit (internal/child_process.js:211:5)
15 verbose pkgid loggr-server@1.0.0
16 verbose cwd C:\Users\an5ra\WebstormProjects\loggr-server
17 error Windows_NT 10.0.14393
18 error argv "C:\\Program Files\\nodejs\\node.exe" "C:\\Users\\an5ra\\AppData\\Roaming\\npm\\node_modules\\npm\\bin\\npm-cli.js" "run" "start"
19 error node v4.6.0
20 error npm  v3.10.9
21 error code ELIFECYCLE
22 error loggr-server@1.0.0 start: `node server.js`
22 error Exit status 3221225786
23 error Failed at the loggr-server@1.0.0 start script 'node server.js'.
23 error Make sure you have the latest version of node.js and npm installed.
23 error If you do, this is most likely a problem with the loggr-server package,
23 error not with npm itself.
23 error Tell the author that this fails on your system:
23 error     node server.js
23 error You can get information on how to open an issue for this project with:
23 error     npm bugs loggr-server
23 error Or if that isn't available, you can get their info via:
23 error     npm owner ls loggr-server
23 error There is likely additional logging output above.
24 verbose exit [ 1, true ]
